kotlin version: 2.1.0
error message: org.jetbrains.kotlin.backend.common.BackendException: Backend Internal error: Exception during IR lowering
File being compiled: C:/Users/kuzak/AndroidStudioProjects/pizzashift20252/shared/profile/src/main/java/ru/evgenykuzakov/profile/presentation/UserDataScreen.kt
The root cause java.lang.RuntimeException was thrown at: org.jetbrains.kotlin.backend.jvm.codegen.FunctionCodegen.generate(FunctionCodegen.kt:48)
	at org.jetbrains.kotlin.backend.common.CodegenUtil.reportBackendException(CodegenUtil.kt:253)
	at org.jetbrains.kotlin.backend.common.CodegenUtil.reportBackendException$default(CodegenUtil.kt:236)
	at org.jetbrains.kotlin.backend.common.phaser.PerformByIrFilePhase.invokeSequential(performByIrFile.kt:55)
	at org.jetbrains.kotlin.backend.common.phaser.PerformByIrFilePhase.invoke(performByIrFile.kt:42)
	at org.jetbrains.kotlin.backend.common.phaser.PerformByIrFilePhase.invoke(performByIrFile.kt:28)
	at org.jetbrains.kotlin.backend.common.phaser.NamedCompilerPhase.phaseBody(CompilerPhase.kt:166)
	at org.jetbrains.kotlin.backend.common.phaser.AbstractNamedCompilerPhase.invoke(CompilerPhase.kt:113)
	at org.jetbrains.kotlin.backend.common.phaser.CompositePhase.invoke(PhaseBuilders.kt:27)
	at org.jetbrains.kotlin.backend.common.phaser.CompositePhase.invoke(PhaseBuilders.kt:14)
	at org.jetbrains.kotlin.backend.common.phaser.NamedCompilerPhase.phaseBody(CompilerPhase.kt:166)
	at org.jetbrains.kotlin.backend.common.phaser.AbstractNamedCompilerPhase.invoke(CompilerPhase.kt:113)
	at org.jetbrains.kotlin.backend.common.phaser.CompilerPhaseKt.invokeToplevel(CompilerPhase.kt:62)
	at org.jetbrains.kotlin.backend.jvm.JvmIrCodegenFactory.invokeCodegen(JvmIrCodegenFactory.kt:371)
	at org.jetbrains.kotlin.codegen.CodegenFactory.generateModule(CodegenFactory.kt:47)
	at org.jetbrains.kotlin.backend.jvm.JvmIrCodegenFactory.generateModuleInFrontendIRMode(JvmIrCodegenFactory.kt:433)
	at org.jetbrains.kotlin.cli.jvm.compiler.pipeline.JvmCompilerPipelineKt.generateCodeFromIr(jvmCompilerPipeline.kt:192)
	at org.jetbrains.kotlin.cli.jvm.compiler.pipeline.JvmCompilerPipelineKt.runBackend(jvmCompilerPipeline.kt:80)
	at org.jetbrains.kotlin.cli.jvm.compiler.pipeline.JvmCompilerPipelineLightTreeKt.compileModule(jvmCompilerPipelineLightTree.kt:264)
	at org.jetbrains.kotlin.cli.jvm.compiler.pipeline.JvmCompilerPipelineLightTreeKt.compileSingleModuleUsingFrontendIrAndLightTree(jvmCompilerPipelineLightTree.kt:231)
	at org.jetbrains.kotlin.cli.jvm.compiler.pipeline.JvmCompilerPipelineLightTreeKt.compileModulesUsingFrontendIrAndLightTree(jvmCompilerPipelineLightTree.kt:86)
	at org.jetbrains.kotlin.cli.jvm.K2JVMCompiler.doExecute(K2JVMCompiler.kt:146)
	at org.jetbrains.kotlin.cli.jvm.K2JVMCompiler.doExecute(K2JVMCompiler.kt:43)
	at org.jetbrains.kotlin.cli.common.CLICompiler.execImpl(CLICompiler.kt:102)
	at org.jetbrains.kotlin.cli.common.CLICompiler.exec(CLICompiler.kt:316)
	at org.jetbrains.kotlin.incremental.IncrementalJvmCompilerRunner.runCompiler(IncrementalJvmCompilerRunner.kt:464)
	at org.jetbrains.kotlin.incremental.IncrementalJvmCompilerRunner.runCompiler(IncrementalJvmCompilerRunner.kt:73)
	at org.jetbrains.kotlin.incremental.IncrementalCompilerRunner.doCompile(IncrementalCompilerRunner.kt:506)
	at org.jetbrains.kotlin.incremental.IncrementalCompilerRunner.compileImpl(IncrementalCompilerRunner.kt:423)
	at org.jetbrains.kotlin.incremental.IncrementalCompilerRunner.tryCompileIncrementally$lambda$9$compile(IncrementalCompilerRunner.kt:249)
	at org.jetbrains.kotlin.incremental.IncrementalCompilerRunner.tryCompileIncrementally(IncrementalCompilerRunner.kt:267)
	at org.jetbrains.kotlin.incremental.IncrementalCompilerRunner.compile(IncrementalCompilerRunner.kt:120)
	at org.jetbrains.kotlin.daemon.CompileServiceImplBase.execIncrementalCompiler(CompileServiceImpl.kt:674)
	at org.jetbrains.kotlin.daemon.CompileServiceImplBase.access$execIncrementalCompiler(CompileServiceImpl.kt:91)
	at org.jetbrains.kotlin.daemon.CompileServiceImpl.compile(CompileServiceImpl.kt:1659)
	at jdk.internal.reflect.GeneratedMethodAccessor91.invoke(Unknown Source)
	at java.base/jdk.internal.reflect.DelegatingMethodAccessorImpl.invoke(DelegatingMethodAccessorImpl.java:43)
	at java.base/java.lang.reflect.Method.invoke(Method.java:568)
	at java.rmi/sun.rmi.server.UnicastServerRef.dispatch(UnicastServerRef.java:360)
	at java.rmi/sun.rmi.transport.Transport$1.run(Transport.java:200)
	at java.rmi/sun.rmi.transport.Transport$1.run(Transport.java:197)
	at java.base/java.security.AccessController.doPrivileged(AccessController.java:712)
	at java.rmi/sun.rmi.transport.Transport.serviceCall(Transport.java:196)
	at java.rmi/sun.rmi.transport.tcp.TCPTransport.handleMessages(TCPTransport.java:587)
	at java.rmi/sun.rmi.transport.tcp.TCPTransport$ConnectionHandler.run0(TCPTransport.java:828)
	at java.rmi/sun.rmi.transport.tcp.TCPTransport$ConnectionHandler.lambda$run$0(TCPTransport.java:705)
	at java.base/java.security.AccessController.doPrivileged(AccessController.java:399)
	at java.rmi/sun.rmi.transport.tcp.TCPTransport$ConnectionHandler.run(TCPTransport.java:704)
	at java.base/java.util.concurrent.ThreadPoolExecutor.runWorker(ThreadPoolExecutor.java:1136)
	at java.base/java.util.concurrent.ThreadPoolExecutor$Worker.run(ThreadPoolExecutor.java:635)
	at java.base/java.lang.Thread.run(Thread.java:840)
Caused by: java.lang.RuntimeException: Exception while generating code for:
FUN name:UserProfileDataScreen visibility:public modality:FINAL <> (modifier:androidx.compose.ui.Modifier, user:ru.evgenykuzakov.user.User, inputsHandler:kotlin.collections.List<kotlin.Function1<kotlin.String, kotlin.Unit>?>, showMiddleName:kotlin.Boolean) returnType:kotlin.Unit
  annotations:
    Composable
  VALUE_PARAMETER name:modifier index:0 type:androidx.compose.ui.Modifier
    EXPRESSION_BODY
      ERROR_EXPR 'Default Stub' type=androidx.compose.ui.Modifier
  VALUE_PARAMETER name:user index:1 type:ru.evgenykuzakov.user.User
  VALUE_PARAMETER name:inputsHandler index:2 type:kotlin.collections.List<kotlin.Function1<kotlin.String, kotlin.Unit>?>
  VALUE_PARAMETER name:showMiddleName index:3 type:kotlin.Boolean
    EXPRESSION_BODY
      ERROR_EXPR 'Default Stub' type=kotlin.Boolean
  BLOCK_BODY
    VAR name:headings type:kotlin.collections.List<kotlin.Int> [val]
      CALL 'public final fun listOf <T> (vararg elements: T of kotlin.collections.CollectionsKt.listOf): kotlin.collections.List<T of kotlin.collections.CollectionsKt.listOf> declared in kotlin.collections.CollectionsKt' type=kotlin.collections.List<kotlin.Int> origin=null
        <T>: kotlin.Int
        elements: BLOCK type=kotlin.Array<out kotlin.Int> origin=null
          VAR IR_TEMPORARY_VARIABLE name:tmp0 type:kotlin.Array<out kotlin.Int> [val]
            CALL 'public final fun arrayOfNulls <T> (size: kotlin.Int): kotlin.Array<T of kotlin.arrayOfNulls?> declared in kotlin' type=kotlin.Array<out kotlin.Int> origin=null
              <T>: kotlin.Int
              size: CONST Int type=kotlin.Int value=6
          CALL 'public final fun set (index: kotlin.Int, value: T of kotlin.Array): kotlin.Unit [operator] declared in kotlin.Array' type=kotlin.Unit origin=null
            $this: GET_VAR 'val tmp0: kotlin.Array<out kotlin.Int> [val] declared in ru.evgenykuzakov.profile.presentation.UserDataScreenKt.UserProfileDataScreen' type=kotlin.Array<out kotlin.Int> origin=null
            index: CONST Int type=kotlin.Int value=0
            value: GET_FIELD 'FIELD IR_EXTERNAL_JAVA_DECLARATION_STUB name:last_name type:kotlin.Int visibility:public [static] declared in ru.evgenykuzakov.profile.R.string' type=kotlin.Int superQualifierSymbol=ru.evgenykuzakov.profile.R.string origin=null
          CALL 'public final fun set (index: kotlin.Int, value: T of kotlin.Array): kotlin.Unit [operator] declared in kotlin.Array' type=kotlin.Unit origin=null
            $this: GET_VAR 'val tmp0: kotlin.Array<out kotlin.Int> [val] declared in ru.evgenykuzakov.profile.presentation.UserDataScreenKt.UserProfileDataScreen' type=kotlin.Array<out kotlin.Int> origin=null
            index: CONST Int type=kotlin.Int value=1
            value: GET_FIELD 'FIELD IR_EXTERNAL_JAVA_DECLARATION_STUB name:first_name type:kotlin.Int visibility:public [static] declared in ru.evgenykuzakov.profile.R.string' type=kotlin.Int superQualifierSymbol=ru.evgenykuzakov.profile.R.string origin=null
          CALL 'public final fun set (index: kotlin.Int, value: T of kotlin.Array): kotlin.Unit [operator] declared in kotlin.Array' type=kotlin.Unit origin=null
            $this: GET_VAR 'val tmp0: kotlin.Array<out kotlin.Int> [val] declared in ru.evgenykuzakov.profile.presentation.UserDataScreenKt.UserProfileDataScreen' type=kotlin.Array<out kotlin.Int> origin=null
            index: CONST Int type=kotlin.Int value=2
            value: GET_FIELD 'FIELD IR_EXTERNAL_JAVA_DECLARATION_STUB name:middle_name type:kotlin.Int visibility:public [static] declared in ru.evgenykuzakov.profile.R.string' type=kotlin.Int superQualifierSymbol=ru.evgenykuzakov.profile.R.string origin=null
          CALL 'public final fun set (index: kotlin.Int, value: T of kotlin.Array): kotlin.Unit [operator] declared in kotlin.Array' type=kotlin.Unit origin=null
            $this: GET_VAR 'val tmp0: kotlin.Array<out kotlin.Int> [val] declared in ru.evgenykuzakov.profile.presentation.UserDataScreenKt.UserProfileDataScreen' type=kotlin.Array<out kotlin.Int> origin=null
            index: CONST Int type=kotlin.Int value=3
            value: GET_FIELD 'FIELD IR_EXTERNAL_JAVA_DECLARATION_STUB name:phone type:kotlin.Int visibility:public [static] declared in ru.evgenykuzakov.profile.R.string' type=kotlin.Int superQualifierSymbol=ru.evgenykuzakov.profile.R.string origin=null
          CALL 'public final fun set (index: kotlin.Int, value: T of kotlin.Array): kotlin.Unit [operator] declared in kotlin.Array' type=kotlin.Unit origin=null
            $this: GET_VAR 'val tmp0: kotlin.Array<out kotlin.Int> [val] declared in ru.evgenykuzakov.profile.presentation.UserDataScreenKt.UserProfileDataScreen' type=kotlin.Array<out kotlin.Int> origin=null
            index: CONST Int type=kotlin.Int value=4
            value: GET_FIELD 'FIELD IR_EXTERNAL_JAVA_DECLARATION_STUB name:email type:kotlin.Int visibility:public [static] declared in ru.evgenykuzakov.profile.R.string' type=kotlin.Int superQualifierSymbol=ru.evgenykuzakov.profile.R.string origin=null
          CALL 'public final fun set (index: kotlin.Int, value: T of kotlin.Array): kotlin.Unit [operator] declared in kotlin.Array' type=kotlin.Unit origin=null
            $this: GET_VAR 'val tmp0: kotlin.Array<out kotlin.Int> [val] declared in ru.evgenykuzakov.profile.presentation.UserDataScreenKt.UserProfileDataScreen' type=kotlin.Array<out kotlin.Int> origin=null
            index: CONST Int type=kotlin.Int value=5
            value: GET_FIELD 'FIELD IR_EXTERNAL_JAVA_DECLARATION_STUB name:city type:kotlin.Int visibility:public [static] declared in ru.evgenykuzakov.profile.R.string' type=kotlin.Int superQualifierSymbol=ru.evgenykuzakov.profile.R.string origin=null
          GET_VAR 'val tmp0: kotlin.Array<out kotlin.Int> [val] declared in ru.evgenykuzakov.profile.presentation.UserDataScreenKt.UserProfileDataScreen' type=kotlin.Array<out kotlin.Int> origin=null
    VAR name:data type:kotlin.collections.List<kotlin.String?> [val]
      CALL 'public final fun listOf <T> (vararg elements: T of kotlin.collections.CollectionsKt.listOf): kotlin.collections.List<T of kotlin.collections.CollectionsKt.listOf> declared in kotlin.collections.CollectionsKt' type=kotlin.collections.List<kotlin.String?> origin=null
        <T>: kotlin.String?
        elements: BLOCK type=kotlin.Array<out kotlin.String?> origin=null
          VAR IR_TEMPORARY_VARIABLE name:tmp0 type:kotlin.Array<out kotlin.String?> [val]
            CALL 'public final fun arrayOfNulls <T> (size: kotlin.Int): kotlin.Array<T of kotlin.arrayOfNulls?> declared in kotlin' type=kotlin.Array<out kotlin.String?> origin=null
              <T>: kotlin.String?
              size: CONST Int type=kotlin.Int value=6
          CALL 'public final fun set (index: kotlin.Int, value: T of kotlin.Array): kotlin.Unit [operator] declared in kotlin.Array' type=kotlin.Unit origin=null
            $this: GET_VAR 'val tmp0: kotlin.Array<out kotlin.String?> [val] declared in ru.evgenykuzakov.profile.presentation.UserDataScreenKt.UserProfileDataScreen' type=kotlin.Array<out kotlin.String?> origin=null
            index: CONST Int type=kotlin.Int value=0
            value: CALL 'public final fun <get-lastname> (): kotlin.String declared in ru.evgenykuzakov.user.User' type=kotlin.String origin=GET_PROPERTY
              $this: GET_VAR 'user: ru.evgenykuzakov.user.User declared in ru.evgenykuzakov.profile.presentation.UserDataScreenKt.UserProfileDataScreen' type=ru.evgenykuzakov.user.User origin=null
          CALL 'public final fun set (index: kotlin.Int, value: T of kotlin.Array): kotlin.Unit [operator] declared in kotlin.Array' type=kotlin.Unit origin=null
            $this: GET_VAR 'val tmp0: kotlin.Array<out kotlin.String?> [val] declared in ru.evgenykuzakov.profile.presentation.UserDataScreenKt.UserProfileDataScreen' type=kotlin.Array<out kotlin.String?> origin=null
            index: CONST Int type=kotlin.Int value=1
            value: CALL 'public final fun <get-firstname> (): kotlin.String declared in ru.evgenykuzakov.user.User' type=kotlin.String origin=GET_PROPERTY
              $this: GET_VAR 'user: ru.evgenykuzakov.user.User declared in ru.evgenykuzakov.profile.presentation.UserDataScreenKt.UserProfileDataScreen' type=ru.evgenykuzakov.user.User origin=null
          CALL 'public final fun set (index: kotlin.Int, value: T of kotlin.Array): kotlin.Unit [operator] declared in kotlin.Array' type=kotlin.Unit origin=null
            $this: GET_VAR 'val tmp0: kotlin.Array<out kotlin.String?> [val] declared in ru.evgenykuzakov.profile.presentation.UserDataScreenKt.UserProfileDataScreen' type=kotlin.Array<out kotlin.String?> origin=null
            index: CONST Int type=kotlin.Int value=2
            value: CALL 'public final fun <get-middlename> (): kotlin.String? declared in ru.evgenykuzakov.user.User' type=kotlin.String? origin=GET_PROPERTY
              $this: GET_VAR 'user: ru.evgenykuzakov.user.User declared in ru.evgenykuzakov.profile.presentation.UserDataScreenKt.UserProfileDataScreen' type=ru.evgenykuzakov.user.User origin=null
          CALL 'public final fun set (index: kotlin.Int, value: T of kotlin.Array): kotlin.Unit [operator] declared in kotlin.Array' type=kotlin.Unit origin=null
            $this: GET_VAR 'val tmp0: kotlin.Array<out kotlin.String?> [val] declared in ru.evgenykuzakov.profile.presentation.UserDataScreenKt.UserProfileDataScreen' type=kotlin.Array<out kotlin.String?> origin=null
            index: CONST Int type=kotlin.Int value=3
            value: CALL 'public final fun <get-phone> (): kotlin.String declared in ru.evgenykuzakov.user.User' type=kotlin.String origin=GET_PROPERTY
              $this: GET_VAR 'user: ru.evgenykuzakov.user.User declared in ru.evgenykuzakov.profile.presentation.UserDataScreenKt.UserProfileDataScreen' type=ru.evgenykuzakov.user.User origin=null
          CALL 'public final fun set (index: kotlin.Int, value: T of kotlin.Array): kotlin.Unit [operator] declared in kotlin.Array' type=kotlin.Unit origin=null
            $this: GET_VAR 'val tmp0: kotlin.Array<out kotlin.String?> [val] declared in ru.evgenykuzakov.profile.presentation.UserDataScreenKt.UserProfileDataScreen' type=kotlin.Array<out kotlin.String?> origin=null
            index: CONST Int type=kotlin.Int value=4
            value: CALL 'public final fun <get-email> (): kotlin.String? declared in ru.evgenykuzakov.user.User' type=kotlin.String? origin=GET_PROPERTY
              $this: GET_VAR 'user: ru.evgenykuzakov.user.User declared in ru.evgenykuzakov.profile.presentation.UserDataScreenKt.UserProfileDataScreen' type=ru.evgenykuzakov.user.User origin=null
          CALL 'public final fun set (index: kotlin.Int, value: T of kotlin.Array): kotlin.Unit [operator] declared in kotlin.Array' type=kotlin.Unit origin=null
            $this: GET_VAR 'val tmp0: kotlin.Array<out kotlin.String?> [val] declared in ru.evgenykuzakov.profile.presentation.UserDataScreenKt.UserProfileDataScreen' type=kotlin.Array<out kotlin.String?> origin=null
            index: CONST Int type=kotlin.Int value=5
            value: CALL 'public final fun <get-city> (): kotlin.String? declared in ru.evgenykuzakov.user.User' type=kotlin.String? origin=GET_PROPERTY
              $this: GET_VAR 'user: ru.evgenykuzakov.user.User declared in ru.evgenykuzakov.profile.presentation.UserDataScreenKt.UserProfileDataScreen' type=ru.evgenykuzakov.user.User origin=null
          GET_VAR 'val tmp0: kotlin.Array<out kotlin.String?> [val] declared in ru.evgenykuzakov.profile.presentation.UserDataScreenKt.UserProfileDataScreen' type=kotlin.Array<out kotlin.String?> origin=null
    CALL 'public final fun Column$default (modifier: androidx.compose.ui.Modifier?, verticalArrangement: androidx.compose.foundation.layout.Arrangement.Vertical?, horizontalAlignment: androidx.compose.ui.Alignment.Horizontal?, content: @[Composable] @[ExtensionFunctionType] kotlin.Function1<androidx.compose.foundation.layout.ColumnScope, kotlin.Unit>, $mask0: kotlin.Int, $handler: kotlin.Any?): kotlin.Unit [inline] declared in androidx.compose.foundation.layout.ColumnKt' type=kotlin.Unit origin=DEFAULT_DISPATCH_CALL
      modifier: COMPOSITE type=androidx.compose.ui.Modifier? origin=DEFAULT_VALUE
        CONST Null type=androidx.compose.ui.Modifier? value=null
      verticalArrangement: COMPOSITE type=androidx.compose.foundation.layout.Arrangement.Vertical? origin=DEFAULT_VALUE
        CONST Null type=androidx.compose.foundation.layout.Arrangement.Vertical? value=null
      horizontalAlignment: COMPOSITE type=androidx.compose.ui.Alignment.Horizontal? origin=DEFAULT_VALUE
        CONST Null type=androidx.compose.ui.Alignment.Horizontal? value=null
      content: BLOCK type=@[ExtensionFunctionType] kotlin.Function1<androidx.compose.foundation.layout.ColumnScope, kotlin.Unit> origin=LAMBDA
        COMPOSITE type=kotlin.Unit origin=null
        FUNCTION_REFERENCE 'private final fun UserProfileDataScreen$lambda$3 ($data: kotlin.collections.List<kotlin.String?>, $showMiddleName: kotlin.Boolean, $inputsHandler: kotlin.collections.List<kotlin.Function1<kotlin.String, kotlin.Unit>?>, $headings: kotlin.collections.List<kotlin.Int>): kotlin.Unit declared in ru.evgenykuzakov.profile.presentation.UserDataScreenKt' type=@[ExtensionFunctionType] kotlin.Function1<androidx.compose.foundation.layout.ColumnScope, kotlin.Unit> origin=INLINE_LAMBDA reflectionTarget=null
          $data: GET_VAR 'val data: kotlin.collections.List<kotlin.String?> [val] declared in ru.evgenykuzakov.profile.presentation.UserDataScreenKt.UserProfileDataScreen' type=kotlin.collections.List<kotlin.String?> origin=null
          $showMiddleName: GET_VAR 'showMiddleName: kotlin.Boolean declared in ru.evgenykuzakov.profile.presentation.UserDataScreenKt.UserProfileDataScreen' type=kotlin.Boolean origin=null
          $inputsHandler: GET_VAR 'inputsHandler: kotlin.collections.List<kotlin.Function1<kotlin.String, kotlin.Unit>?> declared in ru.evgenykuzakov.profile.presentation.UserDataScreenKt.UserProfileDataScreen' type=kotlin.collections.List<kotlin.Function1<kotlin.String, kotlin.Unit>?> origin=null
          $headings: GET_VAR 'val headings: kotlin.collections.List<kotlin.Int> [val] declared in ru.evgenykuzakov.profile.presentation.UserDataScreenKt.UserProfileDataScreen' type=kotlin.collections.List<kotlin.Int> origin=null
      $mask0: CONST Int type=kotlin.Int value=7
      $handler: CONST Null type=kotlin.Any? value=null

	at org.jetbrains.kotlin.backend.jvm.codegen.FunctionCodegen.generate(FunctionCodegen.kt:48)
	at org.jetbrains.kotlin.backend.jvm.codegen.FunctionCodegen.generate$default(FunctionCodegen.kt:41)
	at org.jetbrains.kotlin.backend.jvm.codegen.ClassCodegen.generateMethodNode(ClassCodegen.kt:407)
	at org.jetbrains.kotlin.backend.jvm.codegen.ClassCodegen.generateMethod(ClassCodegen.kt:424)
	at org.jetbrains.kotlin.backend.jvm.codegen.ClassCodegen.generate(ClassCodegen.kt:169)
	at org.jetbrains.kotlin.backend.jvm.FileCodegen.lower(JvmPhases.kt:39)
	at org.jetbrains.kotlin.backend.common.phaser.PhaseFactoriesKt.createFilePhase$lambda$4(PhaseFactories.kt:71)
	at org.jetbrains.kotlin.backend.common.phaser.PhaseBuildersKt$createSimpleNamedCompilerPhase$1.phaseBody(PhaseBuilders.kt:69)
	at org.jetbrains.kotlin.backend.common.phaser.SimpleNamedCompilerPhase.phaseBody(CompilerPhase.kt:226)
	at org.jetbrains.kotlin.backend.common.phaser.AbstractNamedCompilerPhase.invoke(CompilerPhase.kt:113)
	at org.jetbrains.kotlin.backend.common.phaser.PerformByIrFilePhase.invokeSequential(performByIrFile.kt:52)
	... 47 more
Caused by: java.lang.RuntimeException: Exception while generating code for:
FUN INLINE_LAMBDA name:UserProfileDataScreen$lambda$3 visibility:private modality:FINAL <> ($receiver:androidx.compose.foundation.layout.ColumnScope, $data:kotlin.collections.List<kotlin.String?>, $showMiddleName:kotlin.Boolean, $inputsHandler:kotlin.collections.List<kotlin.Function1<kotlin.String, kotlin.Unit>?>, $headings:kotlin.collections.List<kotlin.Int>) returnType:kotlin.Unit
  $receiver: VALUE_PARAMETER name:$this$Column type:androidx.compose.foundation.layout.ColumnScope
  VALUE_PARAMETER BOUND_VALUE_PARAMETER name:$data index:0 type:kotlin.collections.List<kotlin.String?>
  VALUE_PARAMETER BOUND_VALUE_PARAMETER name:$showMiddleName index:1 type:kotlin.Boolean
  VALUE_PARAMETER BOUND_VALUE_PARAMETER name:$inputsHandler index:2 type:kotlin.collections.List<kotlin.Function1<kotlin.String, kotlin.Unit>?>
  VALUE_PARAMETER BOUND_VALUE_PARAMETER name:$headings index:3 type:kotlin.collections.List<kotlin.Int>
  BLOCK_BODY
    VAR name:$i$a$-Column$default-UserDataScreenKt$UserProfileDataScreen$1 type:kotlin.Int [val]
      CONST Int type=kotlin.Int value=0
    CALL 'public final fun forEachIndexed <T> (action: kotlin.Function2<@[ParameterName(name = "index")] kotlin.Int, T of kotlin.collections.CollectionsKt.forEachIndexed, kotlin.Unit>): kotlin.Unit [inline] declared in kotlin.collections.CollectionsKt' type=kotlin.Unit origin=null
      <T>: kotlin.String?
      $receiver: GET_VAR '$data: kotlin.collections.List<kotlin.String?> declared in ru.evgenykuzakov.profile.presentation.UserDataScreenKt.UserProfileDataScreen$lambda$3' type=kotlin.collections.List<kotlin.String?> origin=null
      action: BLOCK type=kotlin.Function2<kotlin.Int, kotlin.String?, kotlin.Unit> origin=LAMBDA
        COMPOSITE type=kotlin.Unit origin=null
        FUNCTION_REFERENCE 'private final fun UserProfileDataScreen$lambda$3$lambda$2 ($showMiddleName: kotlin.Boolean, $inputsHandler: kotlin.collections.List<kotlin.Function1<kotlin.String, kotlin.Unit>?>, $headings: kotlin.collections.List<kotlin.Int>, index: kotlin.Int, data: kotlin.String?): kotlin.Unit declared in ru.evgenykuzakov.profile.presentation.UserDataScreenKt' type=kotlin.Function2<kotlin.Int, kotlin.String?, kotlin.Unit> origin=INLINE_LAMBDA reflectionTarget=null
          $showMiddleName: GET_VAR '$showMiddleName: kotlin.Boolean declared in ru.evgenykuzakov.profile.presentation.UserDataScreenKt.UserProfileDataScreen$lambda$3' type=kotlin.Boolean origin=null
          $inputsHandler: GET_VAR '$inputsHandler: kotlin.collections.List<kotlin.Function1<kotlin.String, kotlin.Unit>?> declared in ru.evgenykuzakov.profile.presentation.UserDataScreenKt.UserProfileDataScreen$lambda$3' type=kotlin.collections.List<kotlin.Function1<kotlin.String, kotlin.Unit>?> origin=null
          $headings: GET_VAR '$headings: kotlin.collections.List<kotlin.Int> declared in ru.evgenykuzakov.profile.presentation.UserDataScreenKt.UserProfileDataScreen$lambda$3' type=kotlin.collections.List<kotlin.Int> origin=null

	at org.jetbrains.kotlin.backend.jvm.codegen.FunctionCodegen.generate(FunctionCodegen.kt:48)
	at org.jetbrains.kotlin.backend.jvm.codegen.IrSourceCompilerForInline.generateLambdaBody(IrSourceCompilerForInline.kt:67)
	at org.jetbrains.kotlin.codegen.inline.ExpressionLambda.generateLambdaBody(LambdaInfo.kt:72)
	at org.jetbrains.kotlin.backend.jvm.codegen.IrInlineCodegen.genValueAndPut(IrInlineCodegen.kt:100)
	at org.jetbrains.kotlin.backend.jvm.codegen.ExpressionCodegen.visitCall$handleParameter(ExpressionCodegen.kt:561)
	at org.jetbrains.kotlin.backend.jvm.codegen.ExpressionCodegen.visitCall(ExpressionCodegen.kt:589)
	at org.jetbrains.kotlin.backend.jvm.codegen.ExpressionCodegen.visitCall(ExpressionCodegen.kt:134)
	at org.jetbrains.kotlin.ir.expressions.IrCall.accept(IrCall.kt:24)
	at org.jetbrains.kotlin.backend.jvm.codegen.ExpressionCodegen.visitStatementContainer(ExpressionCodegen.kt:524)
	at org.jetbrains.kotlin.backend.jvm.codegen.ExpressionCodegen.visitBlockBody(ExpressionCodegen.kt:529)
	at org.jetbrains.kotlin.backend.jvm.codegen.ExpressionCodegen.visitBlockBody(ExpressionCodegen.kt:134)
	at org.jetbrains.kotlin.ir.expressions.IrBlockBody.accept(IrBlockBody.kt:20)
	at org.jetbrains.kotlin.backend.jvm.codegen.ExpressionCodegen.generate(ExpressionCodegen.kt:236)
	at org.jetbrains.kotlin.backend.jvm.codegen.FunctionCodegen.doGenerate(FunctionCodegen.kt:124)
	at org.jetbrains.kotlin.backend.jvm.codegen.FunctionCodegen.generate(FunctionCodegen.kt:45)
	... 57 more
Caused by: java.lang.RuntimeException: Exception while generating code for:
FUN INLINE_LAMBDA name:UserProfileDataScreen$lambda$3$lambda$2 visibility:private modality:FINAL <> ($showMiddleName:kotlin.Boolean, $inputsHandler:kotlin.collections.List<kotlin.Function1<kotlin.String, kotlin.Unit>?>, $headings:kotlin.collections.List<kotlin.Int>, index:kotlin.Int, data:kotlin.String?) returnType:kotlin.Unit
  VALUE_PARAMETER BOUND_VALUE_PARAMETER name:$showMiddleName index:0 type:kotlin.Boolean
  VALUE_PARAMETER BOUND_VALUE_PARAMETER name:$inputsHandler index:1 type:kotlin.collections.List<kotlin.Function1<kotlin.String, kotlin.Unit>?>
  VALUE_PARAMETER BOUND_VALUE_PARAMETER name:$headings index:2 type:kotlin.collections.List<kotlin.Int>
  VALUE_PARAMETER name:index index:3 type:kotlin.Int
  VALUE_PARAMETER name:data index:4 type:kotlin.String?
  BLOCK_BODY
    VAR name:$i$a$-forEachIndexed-UserDataScreenKt$UserProfileDataScreen$1$1 type:kotlin.Int [val]
      CONST Int type=kotlin.Int value=0
    WHEN type=kotlin.Unit origin=IF
      BRANCH
        if: CALL 'public final fun ANDAND (arg0: kotlin.Boolean, arg1: kotlin.Boolean): kotlin.Boolean declared in kotlin.internal.ir' type=kotlin.Boolean origin=null
          arg0: CALL 'public final fun not (): kotlin.Boolean [operator] declared in kotlin.Boolean' type=kotlin.Boolean origin=null
            $this: GET_VAR '$showMiddleName: kotlin.Boolean declared in ru.evgenykuzakov.profile.presentation.UserDataScreenKt.UserProfileDataScreen$lambda$3$lambda$2' type=kotlin.Boolean origin=null
          arg1: CALL 'public final fun EQEQ (arg0: kotlin.Any?, arg1: kotlin.Any?): kotlin.Boolean declared in kotlin.internal.ir' type=kotlin.Boolean origin=EQEQ
            arg0: GET_VAR 'index: kotlin.Int declared in ru.evgenykuzakov.profile.presentation.UserDataScreenKt.UserProfileDataScreen$lambda$3$lambda$2' type=kotlin.Int origin=null
            arg1: CONST Int type=kotlin.Int value=2
        then: RETURN type=kotlin.Nothing from='public final fun UserProfileDataScreen (modifier: androidx.compose.ui.Modifier, user: ru.evgenykuzakov.user.User, inputsHandler: kotlin.collections.List<kotlin.Function1<kotlin.String, kotlin.Unit>?>, showMiddleName: kotlin.Boolean): kotlin.Unit declared in ru.evgenykuzakov.profile.presentation.UserDataScreenKt'
          GET_FIELD 'FIELD FIELD_FOR_OBJECT_INSTANCE name:INSTANCE type:kotlin.Unit visibility:public [final,static] declared in kotlin.Unit' type=kotlin.Unit origin=null
    VAR name:isEditable type:kotlin.Boolean [val]
      CALL 'public final fun not (): kotlin.Boolean [operator] declared in kotlin.Boolean' type=kotlin.Boolean origin=EXCLEQ
        $this: CALL 'public final fun EQEQ (arg0: kotlin.Any?, arg1: kotlin.Any?): kotlin.Boolean declared in kotlin.internal.ir' type=kotlin.Boolean origin=EXCLEQ
          arg0: CALL 'public abstract fun get (index: kotlin.Int): E of kotlin.collections.List [operator] declared in kotlin.collections.List' type=kotlin.Function1<kotlin.String, kotlin.Unit>? origin=GET_ARRAY_ELEMENT
            $this: GET_VAR '$inputsHandler: kotlin.collections.List<kotlin.Function1<kotlin.String, kotlin.Unit>?> declared in ru.evgenykuzakov.profile.presentation.UserDataScreenKt.UserProfileDataScreen$lambda$3$lambda$2' type=kotlin.collections.List<kotlin.Function1<kotlin.String, kotlin.Unit>?> origin=null
            index: GET_VAR 'index: kotlin.Int declared in ru.evgenykuzakov.profile.presentation.UserDataScreenKt.UserProfileDataScreen$lambda$3$lambda$2' type=kotlin.Int origin=null
          arg1: CONST Null type=kotlin.Nothing? value=null
    CALL 'public final fun Column$default (modifier: androidx.compose.ui.Modifier?, verticalArrangement: androidx.compose.foundation.layout.Arrangement.Vertical?, horizontalAlignment: androidx.compose.ui.Alignment.Horizontal?, content: @[Composable] @[ExtensionFunctionType] kotlin.Function1<androidx.compose.foundation.layout.ColumnScope, kotlin.Unit>, $mask0: kotlin.Int, $handler: kotlin.Any?): kotlin.Unit [inline] declared in androidx.compose.foundation.layout.ColumnKt' type=kotlin.Unit origin=DEFAULT_DISPATCH_CALL
      modifier: GET_FIELD 'FIELD FIELD_FOR_OBJECT_INSTANCE name:Companion type:androidx.compose.ui.Modifier.Companion visibility:public [final,static] declared in androidx.compose.ui.Modifier' type=androidx.compose.ui.Modifier.Companion origin=null
      verticalArrangement: CALL 'public final fun spacedBy-0680j_4 (space: androidx.compose.ui.unit.Dp): androidx.compose.foundation.layout.Arrangement.HorizontalOrVertical declared in androidx.compose.foundation.layout.Arrangement' type=androidx.compose.foundation.layout.Arrangement.HorizontalOrVertical origin=null
        $this: GET_FIELD 'FIELD FIELD_FOR_OBJECT_INSTANCE name:INSTANCE type:androidx.compose.foundation.layout.Arrangement visibility:public [final,static] declared in androidx.compose.foundation.layout.Arrangement' type=androidx.compose.foundation.layout.Arrangement origin=null
        space: CALL 'public final fun <get-dp> (): androidx.compose.ui.unit.Dp [inline] declared in androidx.compose.ui.unit.DpKt' type=androidx.compose.ui.unit.Dp origin=GET_PROPERTY
          $receiver: CONST Int type=kotlin.Int value=16
      horizontalAlignment: COMPOSITE type=androidx.compose.ui.Alignment.Horizontal? origin=DEFAULT_VALUE
        CONST Null type=androidx.compose.ui.Alignment.Horizontal? value=null
      content: BLOCK type=@[ExtensionFunctionType] kotlin.Function1<androidx.compose.foundation.layout.ColumnScope, kotlin.Unit> origin=LAMBDA
        COMPOSITE type=kotlin.Unit origin=null
        FUNCTION_REFERENCE 'private final fun UserProfileDataScreen$lambda$3$lambda$2$lambda$0 ($headings: kotlin.collections.List<kotlin.Int>, $index: kotlin.Int): kotlin.Unit declared in ru.evgenykuzakov.profile.presentation.UserDataScreenKt' type=@[ExtensionFunctionType] kotlin.Function1<androidx.compose.foundation.layout.ColumnScope, kotlin.Unit> origin=INLINE_LAMBDA reflectionTarget=null
          $headings: GET_VAR '$headings: kotlin.collections.List<kotlin.Int> declared in ru.evgenykuzakov.profile.presentation.UserDataScreenKt.UserProfileDataScreen$lambda$3$lambda$2' type=kotlin.collections.List<kotlin.Int> origin=null
          $index: GET_VAR 'index: kotlin.Int declared in ru.evgenykuzakov.profile.presentation.UserDataScreenKt.UserProfileDataScreen$lambda$3$lambda$2' type=kotlin.Int origin=null
      $mask0: CONST Int type=kotlin.Int value=4
      $handler: CONST Null type=kotlin.Any? value=null
    BLOCK type=kotlin.Unit origin=ARGUMENTS_REORDERING_FOR_CALL
      VAR IR_TEMPORARY_VARIABLE name:tmp2_value type:kotlin.String [val]
        BLOCK type=kotlin.String origin=FOLDED_ELVIS
          WHEN type=kotlin.String origin=FOLDED_ELVIS
            BRANCH
              if: COMPOSITE type=kotlin.Boolean origin=null
                CALL 'public final fun not (): kotlin.Boolean [operator] declared in kotlin.Boolean' type=kotlin.Boolean origin=null
                  $this: CALL 'public final fun EQEQ (arg0: kotlin.Any?, arg1: kotlin.Any?): kotlin.Boolean declared in kotlin.internal.ir' type=kotlin.Boolean origin=null
                    arg0: GET_VAR 'data: kotlin.String? declared in ru.evgenykuzakov.profile.presentation.UserDataScreenKt.UserProfileDataScreen$lambda$3$lambda$2' type=kotlin.String? origin=null
                    arg1: CONST Null type=kotlin.Nothing? value=null
              then: GET_VAR 'data: kotlin.String? declared in ru.evgenykuzakov.profile.presentation.UserDataScreenKt.UserProfileDataScreen$lambda$3$lambda$2' type=kotlin.String? origin=null
            BRANCH
              if: CONST Boolean type=kotlin.Boolean value=true
              then: CONST String type=kotlin.String value=""
      VAR IR_TEMPORARY_VARIABLE name:tmp3_onTextChanged type:kotlin.Function1<kotlin.String, kotlin.Unit> [val]
        BLOCK type=kotlin.Function1<kotlin.String, kotlin.Unit> origin=FOLDED_ELVIS
          WHEN type=kotlin.Function1<kotlin.String, kotlin.Unit> origin=FOLDED_ELVIS
            BRANCH
              if: COMPOSITE type=kotlin.Boolean origin=null
                VAR IR_TEMPORARY_VARIABLE name:tmp1_elvis_lhs type:kotlin.Function1<kotlin.String, kotlin.Unit>? [val]
                  CALL 'public final fun getOrNull <T> (index: kotlin.Int): T of kotlin.collections.CollectionsKt.getOrNull? declared in kotlin.collections.CollectionsKt' type=kotlin.Function1<kotlin.String, kotlin.Unit>? origin=null
                    <T>: kotlin.Function1<kotlin.String, kotlin.Unit>?
                    $receiver: GET_VAR '$inputsHandler: kotlin.collections.List<kotlin.Function1<kotlin.String, kotlin.Unit>?> declared in ru.evgenykuzakov.profile.presentation.UserDataScreenKt.UserProfileDataScreen$lambda$3$lambda$2' type=kotlin.collections.List<kotlin.Function1<kotlin.String, kotlin.Unit>?> origin=null
                    index: GET_VAR 'index: kotlin.Int declared in ru.evgenykuzakov.profile.presentation.UserDataScreenKt.UserProfileDataScreen$lambda$3$lambda$2' type=kotlin.Int origin=null
                CALL 'public final fun not (): kotlin.Boolean [operator] declared in kotlin.Boolean' type=kotlin.Boolean origin=null
                  $this: CALL 'public final fun EQEQ (arg0: kotlin.Any?, arg1: kotlin.Any?): kotlin.Boolean declared in kotlin.internal.ir' type=kotlin.Boolean origin=null
                    arg0: GET_VAR 'val tmp1_elvis_lhs: kotlin.Function1<kotlin.String, kotlin.Unit>? [val] declared in ru.evgenykuzakov.profile.presentation.UserDataScreenKt.UserProfileDataScreen$lambda$3$lambda$2' type=kotlin.Function1<kotlin.String, kotlin.Unit>? origin=null
                    arg1: CONST Null type=kotlin.Nothing? value=null
              then: GET_VAR 'val tmp1_elvis_lhs: kotlin.Function1<kotlin.String, kotlin.Unit>? [val] declared in ru.evgenykuzakov.profile.presentation.UserDataScreenKt.UserProfileDataScreen$lambda$3$lambda$2' type=kotlin.Function1<kotlin.String, kotlin.Unit>? origin=null
            BRANCH
              if: CONST Boolean type=kotlin.Boolean value=true
              then: BLOCK type=kotlin.Function1<kotlin.String, kotlin.Unit> origin=LAMBDA
                COMPOSITE type=kotlin.Unit origin=null
                CALL 'public final fun <jvm-indy> <T> (dynamicCall: T of kotlin.jvm.internal.<jvm-indy>, bootstrapMethodHandle: kotlin.Any, vararg bootstrapMethodArguments: kotlin.Any): T of kotlin.jvm.internal.<jvm-indy> declared in kotlin.jvm.internal' type=kotlin.Function1<kotlin.String, kotlin.Unit> origin=null
                  <T>: kotlin.Function1<kotlin.String, kotlin.Unit>
                  dynamicCall: CALL 'public final fun invoke (): kotlin.Function1<kotlin.String, kotlin.Unit> declared in kotlin.jvm.internal.invokeDynamic' type=kotlin.Function1<kotlin.String, kotlin.Unit> origin=null
                  bootstrapMethodHandle: CALL 'public final fun <jvm-method-handle> (tag: kotlin.Int, owner: kotlin.String, name: kotlin.String, descriptor: kotlin.String, isInterface: kotlin.Boolean): kotlin.Any declared in kotlin.jvm.internal' type=kotlin.Any origin=null
                    tag: CONST Int type=kotlin.Int value=6
                    owner: CONST String type=kotlin.String value="java/lang/invoke/LambdaMetafactory"
                    name: CONST String type=kotlin.String value="metafactory"
                    descriptor: CONST String type=kotlin.String value="(Ljava/lang/invoke/MethodHandles$Lookup;Ljava/lang/String;Ljava/lang/invoke/MethodType;Ljava/lang/invoke/MethodType;Ljava/lang/invoke/MethodHandle;Ljava/lang/invoke/MethodType;)Ljava/lang/invoke/CallSite;"
                    isInterface: CONST Boolean type=kotlin.Boolean value=false
                  bootstrapMethodArguments: VARARG type=kotlin.Array<kotlin.Any> varargElementType=kotlin.Any
                    CALL 'public final fun <jvm-original-method-type> (method: kotlin.Any): kotlin.Any declared in kotlin.jvm.internal' type=kotlin.Any origin=null
                      method: RAW_FUNCTION_REFERENCE 'public abstract fun invoke (p1: P1 of kotlin.Function1): R of kotlin.Function1 [operator] declared in kotlin.Function1' type=kotlin.Any
                    RAW_FUNCTION_REFERENCE 'private final fun UserProfileDataScreen$lambda$3$lambda$2$lambda$1 (it: kotlin.String): kotlin.Unit? declared in ru.evgenykuzakov.profile.presentation.UserDataScreenKt' type=kotlin.Any
                    CALL 'public final fun <jvm-original-method-type> (method: kotlin.Any): kotlin.Any declared in kotlin.jvm.internal' type=kotlin.Any origin=null
                      method: RAW_FUNCTION_REFERENCE 'public abstract fun invoke (p1: kotlin.String): kotlin.Unit? [fake_override,operator] declared in kotlin.jvm.internal.invokeDynamic.<fake>' type=kotlin.Any
      CALL 'public final fun ShiftTextField-AMdQAWc$default (modifier: androidx.compose.ui.Modifier?, value: kotlin.String, onTextChanged: kotlin.Function1<kotlin.String, kotlin.Unit>, textStyle: androidx.compose.ui.text.TextStyle?, enabled: kotlin.Boolean, readOnly: kotlin.Boolean, singleLine: kotlin.Boolean, visualTransformation: androidx.compose.ui.text.input.VisualTransformation?, interactionSource: androidx.compose.foundation.interaction.MutableInteractionSource?, height: androidx.compose.ui.unit.Dp, placeholderText: kotlin.String, shape: androidx.compose.foundation.shape.RoundedCornerShape?, isError: kotlin.Boolean, $mask0: kotlin.Int, $handler: kotlin.Any?): kotlin.Unit declared in ru.evgenykuzakov.ui.TextFieldKt' type=kotlin.Unit origin=DEFAULT_DISPATCH_CALL
        modifier: COMPOSITE type=androidx.compose.ui.Modifier? origin=DEFAULT_VALUE
          CONST Null type=androidx.compose.ui.Modifier? value=null
        value: GET_VAR 'val tmp2_value: kotlin.String [val] declared in ru.evgenykuzakov.profile.presentation.UserDataScreenKt.UserProfileDataScreen$lambda$3$lambda$2' type=kotlin.String origin=null
        onTextChanged: GET_VAR 'val tmp3_onTextChanged: kotlin.Function1<kotlin.String, kotlin.Unit> [val] declared in ru.evgenykuzakov.profile.presentation.UserDataScreenKt.UserProfileDataScreen$lambda$3$lambda$2' type=kotlin.Function1<kotlin.String, kotlin.Unit> origin=null
        textStyle: COMPOSITE type=androidx.compose.ui.text.TextStyle? origin=DEFAULT_VALUE
          CONST Null type=androidx.compose.ui.text.TextStyle? value=null
        enabled: GET_VAR 'val isEditable: kotlin.Boolean [val] declared in ru.evgenykuzakov.profile.presentation.UserDataScreenKt.UserProfileDataScreen$lambda$3$lambda$2' type=kotlin.Boolean origin=null
        readOnly: GET_VAR 'val isEditable: kotlin.Boolean [val] declared in ru.evgenykuzakov.profile.presentation.UserDataScreenKt.UserProfileDataScreen$lambda$3$lambda$2' type=kotlin.Boolean origin=null
        singleLine: COMPOSITE type=kotlin.Boolean origin=DEFAULT_VALUE
          CONST Boolean type=kotlin.Boolean value=false
        visualTransformation: COMPOSITE type=androidx.compose.ui.text.input.VisualTransformation? origin=DEFAULT_VALUE
          CONST Null type=androidx.compose.ui.text.input.VisualTransformation? value=null
        interactionSource: COMPOSITE type=androidx.compose.foundation.interaction.MutableInteractionSource? origin=DEFAULT_VALUE
          CONST Null type=androidx.compose.foundation.interaction.MutableInteractionSource? value=null
        height: COMPOSITE type=androidx.compose.ui.unit.Dp origin=DEFAULT_VALUE
          CALL 'public final fun <unsafe-coerce> <T, R> (v: T of kotlin.jvm.internal.<unsafe-coerce>): R of kotlin.jvm.internal.<unsafe-coerce> declared in kotlin.jvm.internal' type=androidx.compose.ui.unit.Dp origin=null
            <T>: kotlin.Float
            <R>: androidx.compose.ui.unit.Dp
            v: CONST Float type=kotlin.Float value=0.0
        placeholderText: CONST String type=kotlin.String value=""
        shape: COMPOSITE type=androidx.compose.foundation.shape.RoundedCornerShape? origin=DEFAULT_VALUE
          CONST Null type=androidx.compose.foundation.shape.RoundedCornerShape? value=null
        isError: COMPOSITE type=kotlin.Boolean origin=DEFAULT_VALUE
          CONST Boolean type=kotlin.Boolean value=false
        $mask0: CONST Int type=kotlin.Int value=7113
        $handler: CONST Null type=kotlin.Any? value=null

	at org.jetbrains.kotlin.backend.jvm.codegen.FunctionCodegen.generate(FunctionCodegen.kt:48)
	at org.jetbrains.kotlin.backend.jvm.codegen.IrSourceCompilerForInline.generateLambdaBody(IrSourceCompilerForInline.kt:67)
	at org.jetbrains.kotlin.codegen.inline.ExpressionLambda.generateLambdaBody(LambdaInfo.kt:72)
	at org.jetbrains.kotlin.backend.jvm.codegen.IrInlineCodegen.genValueAndPut(IrInlineCodegen.kt:100)
	at org.jetbrains.kotlin.backend.jvm.codegen.ExpressionCodegen.visitCall$handleParameter(ExpressionCodegen.kt:561)
	at org.jetbrains.kotlin.backend.jvm.codegen.ExpressionCodegen.visitCall(ExpressionCodegen.kt:589)
	at org.jetbrains.kotlin.backend.jvm.codegen.ExpressionCodegen.visitCall(ExpressionCodegen.kt:134)
	at org.jetbrains.kotlin.ir.expressions.IrCall.accept(IrCall.kt:24)
	at org.jetbrains.kotlin.backend.jvm.codegen.ExpressionCodegen.visitStatementContainer(ExpressionCodegen.kt:524)
	at org.jetbrains.kotlin.backend.jvm.codegen.ExpressionCodegen.visitBlockBody(ExpressionCodegen.kt:529)
	at org.jetbrains.kotlin.backend.jvm.codegen.ExpressionCodegen.visitBlockBody(ExpressionCodegen.kt:134)
	at org.jetbrains.kotlin.ir.expressions.IrBlockBody.accept(IrBlockBody.kt:20)
	at org.jetbrains.kotlin.backend.jvm.codegen.ExpressionCodegen.generate(ExpressionCodegen.kt:236)
	at org.jetbrains.kotlin.backend.jvm.codegen.FunctionCodegen.doGenerate(FunctionCodegen.kt:124)
	at org.jetbrains.kotlin.backend.jvm.codegen.FunctionCodegen.generate(FunctionCodegen.kt:45)
	... 71 more
Caused by: org.jetbrains.kotlin.codegen.CompilationException: Back-end (JVM) Internal error: Couldn't inline method call: CALL 'public final fun Column$default (modifier: androidx.compose.ui.Modifier?, verticalArrangement: androidx.compose.foundation.layout.Arrangement.Vertical?, horizontalAlignment: androidx.compose.ui.Alignment.Horizontal?, content: @[Composable] @[ExtensionFunctionType] kotlin.Function1<androidx.compose.foundation.layout.ColumnScope, kotlin.Unit>, $mask0: kotlin.Int, $handler: kotlin.Any?): kotlin.Unit [inline] declared in androidx.compose.foundation.layout.ColumnKt' type=kotlin.Unit origin=DEFAULT_DISPATCH_CALL
Method: null
File is unknown
The root cause java.lang.IllegalStateException was thrown at: org.jetbrains.kotlin.codegen.inline.SourceCompilerForInlineKt.getMethodNode(SourceCompilerForInline.kt:118)
	at org.jetbrains.kotlin.codegen.inline.InlineCodegen.performInline(InlineCodegen.kt:65)
	at org.jetbrains.kotlin.backend.jvm.codegen.IrInlineCodegen.genInlineCall(IrInlineCodegen.kt:163)
	at org.jetbrains.kotlin.backend.jvm.codegen.IrInlineCallGenerator.genCall(IrInlineCallGenerator.kt:36)
	at org.jetbrains.kotlin.backend.jvm.codegen.ExpressionCodegen.visitCall(ExpressionCodegen.kt:598)
	at org.jetbrains.kotlin.backend.jvm.codegen.ExpressionCodegen.visitCall(ExpressionCodegen.kt:134)
	at org.jetbrains.kotlin.ir.expressions.IrCall.accept(IrCall.kt:24)
	at org.jetbrains.kotlin.backend.jvm.codegen.ExpressionCodegen.visitStatementContainer(ExpressionCodegen.kt:524)
	at org.jetbrains.kotlin.backend.jvm.codegen.ExpressionCodegen.visitBlockBody(ExpressionCodegen.kt:529)
	at org.jetbrains.kotlin.backend.jvm.codegen.ExpressionCodegen.visitBlockBody(ExpressionCodegen.kt:134)
	at org.jetbrains.kotlin.ir.expressions.IrBlockBody.accept(IrBlockBody.kt:20)
	at org.jetbrains.kotlin.backend.jvm.codegen.ExpressionCodegen.generate(ExpressionCodegen.kt:236)
	at org.jetbrains.kotlin.backend.jvm.codegen.FunctionCodegen.doGenerate(FunctionCodegen.kt:124)
	at org.jetbrains.kotlin.backend.jvm.codegen.FunctionCodegen.generate(FunctionCodegen.kt:45)
	... 85 more
Caused by: java.lang.IllegalStateException: couldn't find inline method Landroidx/compose/foundation/layout/ColumnKt;.Column$default(Landroidx/compose/ui/Modifier;Landroidx/compose/foundation/layout/Arrangement$Vertical;Landroidx/compose/ui/Alignment$Horizontal;Lkotlin/jvm/functions/Function1;ILjava/lang/Object;)V
	at org.jetbrains.kotlin.codegen.inline.SourceCompilerForInlineKt.getMethodNode(SourceCompilerForInline.kt:118)
	at org.jetbrains.kotlin.codegen.inline.SourceCompilerForInlineKt.loadCompiledInlineFunction(SourceCompilerForInline.kt:96)
	at org.jetbrains.kotlin.backend.jvm.codegen.IrSourceCompilerForInline.compileInlineFunction(IrSourceCompilerForInline.kt:91)
	at org.jetbrains.kotlin.codegen.inline.InlineCodegen.compileInline(InlineCodegen.kt:43)
	at org.jetbrains.kotlin.codegen.inline.InlineCodegen.performInline(InlineCodegen.kt:51)
	... 97 more


